<?xml version="1.0" encoding="UTF-8"?>
<!-- Generated by org.testng.reporters.JUnitReportReporter -->
<testsuite hostname="LAPTOP-14G6ACJ1" failures="0" tests="1" name="cars.FerrariTest" time="9.583" errors="0" timestamp="2025-06-20T16:36:51 IST" skipped="0">
  <testcase classname="cars.FerrariTest" name="launch" time="9.583">
    <system-out>
      <![CDATA[FerrariTest Executed]]>
    </system-out>
  </testcase> <!-- launch -->
  <system-out>
    <![CDATA[FerrariTest Executed]]>
  </system-out>
</testsuite> <!-- cars.FerrariTest -->
