<?xml version="1.0" encoding="UTF-8"?>
<!-- Generated by org.testng.reporters.JUnitReportReporter -->
<testsuite hostname="LAPTOP-14G6ACJ1" failures="0" tests="1" name="cars.BMWTest" time="8.340" errors="0" timestamp="2025-06-20T16:36:34 IST" skipped="0">
  <testcase classname="cars.BMWTest" name="launch" time="8.340">
    <system-out>
      <![CDATA[BMWTest Executed]]>
    </system-out>
  </testcase> <!-- launch -->
  <system-out>
    <![CDATA[BMWTest Executed]]>
  </system-out>
</testsuite> <!-- cars.BMWTest -->
