<?xml version="1.0" encoding="UTF-8"?>
<!-- Generated by org.testng.reporters.JUnitReportReporter -->
<testsuite hostname="LAPTOP-14G6ACJ1" failures="0" tests="1" name="pratice.ToLearnExtentReport" time="10.735" errors="0" timestamp="2025-06-23T16:03:14 IST" skipped="0">
  <testcase classname="pratice.ToLearnExtentReport" name="addScreenshot" time="10.735"/>
</testsuite> <!-- pratice.ToLearnExtentReport -->
