<?xml version="1.0" encoding="UTF-8"?>
<!-- Generated by org.testng.reporters.JUnitReportReporter -->
<testsuite hostname="LAPTOP-14G6ACJ1" failures="0" tests="1" name="cars.LamborginiTest" time="13.415" errors="0" timestamp="2025-06-20T16:37:11 IST" skipped="0">
  <testcase classname="cars.LamborginiTest" name="launch" time="13.415">
    <system-out>
      <![CDATA[LamborginiTest Executed]]>
    </system-out>
  </testcase> <!-- launch -->
  <system-out>
    <![CDATA[LamborginiTest Executed]]>
  </system-out>
</testsuite> <!-- cars.LamborginiTest -->
