<?xml version="1.0" encoding="UTF-8"?>
<!-- Generated by org.testng.reporters.JUnitReportReporter -->
<testsuite hostname="LAPTOP-14G6ACJ1" failures="0" tests="1" name="cars.AudiTest" time="7.969" errors="0" timestamp="2025-06-20T16:36:15 IST" skipped="0">
  <testcase classname="cars.AudiTest" name="launch" time="7.969">
    <system-out>
      <![CDATA[AudiTest Executed]]>
    </system-out>
  </testcase> <!-- launch -->
  <system-out>
    <![CDATA[AudiTest Executed]]>
  </system-out>
</testsuite> <!-- cars.AudiTest -->
