<?xml version="1.0" encoding="UTF-8"?>
<!-- Generated by org.testng.reporters.JUnitReportReporter -->
<testsuite hostname="LAPTOP-14G6ACJ1" failures="0" tests="1" name="extentreports.ToLearnExtentReport" time="0.705" errors="0" timestamp="2025-06-23T13:24:22 IST" skipped="0">
  <testcase classname="extentreports.ToLearnExtentReport" name="createReport" time="0.705"/>
</testsuite> <!-- extentreports.ToLearnExtentReport -->
