<?xml version="1.0" encoding="UTF-8"?>
<!-- Generated by org.testng.reporters.JUnitReportReporter -->
<testsuite hostname="LAPTOP-14G6ACJ1" failures="0" tests="1" name="extentreports.AddScreenShotIntoReport" time="7.646" errors="0" timestamp="2025-06-23T13:55:46 IST" skipped="0">
  <testcase classname="extentreports.AddScreenShotIntoReport" name="addScreenShot" time="7.646"/>
</testsuite> <!-- extentreports.AddScreenShotIntoReport -->
