<?xml version="1.0" encoding="UTF-8"?>
<!-- Generated by org.testng.reporters.JUnitReportReporter -->
<testsuite hostname="LAPTOP-14G6ACJ1" failures="0" tests="1" name="bikes.BMWBikesTest" time="4.935" errors="0" timestamp="2025-06-20T16:35:44 IST" skipped="0">
  <testcase classname="bikes.BMWBikesTest" name="launch" time="4.935">
    <system-out>
      <![CDATA[BMWBikesTest executed]]>
    </system-out>
  </testcase> <!-- launch -->
  <system-out>
    <![CDATA[BMWBikesTest executed]]>
  </system-out>
</testsuite> <!-- bikes.BMWBikesTest -->
