<?xml version="1.0" encoding="UTF-8"?>
<!-- Generated by org.testng.reporters.JUnitReportReporter -->
<testsuite hostname="LAPTOP-14G6ACJ1" failures="0" tests="1" name="bikes.RX100Test" time="6.800" errors="0" timestamp="2025-06-21T13:26:58 IST" skipped="0">
  <testcase classname="bikes.RX100Test" name="launch" time="6.800">
    <system-out>
      <![CDATA[RX100Test executed]]>
    </system-out>
  </testcase> <!-- launch -->
  <system-out>
    <![CDATA[BMWBikesTest executed
HeroTest executed
RoyalEnfieldTest executed
RX100Test executed
AudiTest Executed
BMWTest Executed
FerrariTest Executed
LamborginiTest Executed]]>
  </system-out>
</testsuite> <!-- bikes.RX100Test -->
