<?xml version="1.0" encoding="UTF-8"?>
<!-- Generated by org.testng.reporters.JUnitReportReporter -->
<testsuite hostname="LAPTOP-14G6ACJ1" failures="0" tests="1" name="cars.AudiTest" time="19.248" errors="0" timestamp="2025-06-21T13:26:58 IST" skipped="0">
  <testcase classname="cars.AudiTest" name="launch" time="19.248">
    <system-out>
      <![CDATA[AudiTest Executed]]>
    </system-out>
  </testcase> <!-- launch -->
  <system-out>
    <![CDATA[BMWBikesTest executed
HeroTest executed
RoyalEnfieldTest executed
RX100Test executed
AudiTest Executed
BMWTest Executed
FerrariTest Executed
LamborginiTest Executed]]>
  </system-out>
</testsuite> <!-- cars.AudiTest -->
